<?xml version="1.0" encoding="UTF-8"?>
<!-- Generated by org.testng.reporters.JUnitReportReporter -->
<testsuite skipped="0" hostname="ETMUM-LT092" name="Sample.DeviceTest.DeviceTest" tests="2" failures="0" timestamp="10 Jan 2018 14:14:23 GMT" time="19.034" errors="0">
  <testcase name="searchProduct" time="17.106" classname="Sample.DeviceTest.DeviceTest"/>
  <testcase name="skipLoginIfDisplayed" time="1.928" classname="Sample.DeviceTest.DeviceTest"/>
</testsuite> <!-- Sample.DeviceTest.DeviceTest -->
